============================================================
- Time: 14/07/2023 - 11:47:44
- Name: 
- Server Erreur 'list' object has no attribute 'get'
Traceback (most recent call last):
  File "C:\Users\believix\Desktop\TFM Remake\src\Client.py", line 107, in parsePacket
    await self.Packets.parsePacket(packet_id, C, CC, packet)
  File "C:\Users\believix\Desktop\TFM Remake\src\modules\Packets.py", line 31, in parsePacket
    await self.packets[ccc][1](self, *args)
  File "C:\Users\believix\Desktop\TFM Remake\src\modules\Packets.py", line 80, in Set_Language
    self.sendPacket(TFMCodes.TFMCodes.game.send.Set_Language, ByteArray().writeUTF(langue).writeUTF(self.server.serverLanguagesInfo.get(self.client.defaultLanguage.lower())[1]).writeShort(0).writeBoolean(False).writeBoolean(True).writeUTF('').toByteArray())
AttributeError: 'list' object has no attribute 'get'

============================================================
- Time: 14/07/2023 - 11:47:53
- Name: 
- Server Erreur 'list' object has no attribute 'get'
Traceback (most recent call last):
  File "C:\Users\believix\Desktop\TFM Remake\src\Client.py", line 107, in parsePacket
    await self.Packets.parsePacket(packet_id, C, CC, packet)
  File "C:\Users\believix\Desktop\TFM Remake\src\modules\Packets.py", line 31, in parsePacket
    await self.packets[ccc][1](self, *args)
  File "C:\Users\believix\Desktop\TFM Remake\src\modules\Packets.py", line 80, in Set_Language
    self.sendPacket(TFMCodes.TFMCodes.game.send.Set_Language, ByteArray().writeUTF(langue).writeUTF(self.server.serverLanguagesInfo.get(self.client.defaultLanguage.lower())[1]).writeShort(0).writeBoolean(False).writeBoolean(True).writeUTF('').toByteArray())
AttributeError: 'list' object has no attribute 'get'

============================================================
- Time: 14/07/2023 - 11:50:41
- Name: 
- Server Erreur name 'Identifiers' is not defined
Traceback (most recent call last):
  File "C:\Users\believix\Desktop\TFM Remake\src\Client.py", line 107, in parsePacket
    await self.Packets.parsePacket(packet_id, C, CC, packet)
  File "C:\Users\believix\Desktop\TFM Remake\src\modules\Packets.py", line 31, in parsePacket
    await self.packets[ccc][1](self, *args)
  File "C:\Users\believix\Desktop\TFM Remake\src\modules\Packets.py", line 106, in Language_List
    self.client.sendPacket(Identifiers.send.Language_List, data.toByteArray())
NameError: name 'Identifiers' is not defined

